<?xml version="1.0" encoding="UTF-8"?>
<testsuite name="Cart Test"
           tests="4"
           failures="0"
           errors="0"
           skipped="0"
           time="3.861">
  <properties />
  
  
            <testcase name="verifyUserShouldNavigateToCellPhonesPageSuccessfully" time="1.254" classname="com.nopcommerce.demo.testsuite.TopMenuTest" />
                <testcase name="verifyUserShouldNavigateToComputerPageSuccessfully" time="0.560" classname="com.nopcommerce.demo.testsuite.TopMenuTest" />
                <testcase name="verifyUserShouldNavigateToElectronicsPageSuccessfully" time="0.952" classname="com.nopcommerce.demo.testsuite.TopMenuTest" />
                <testcase name="verifyUserShouldNavigateToDesktopsPageSuccessfully" time="1.095" classname="com.nopcommerce.demo.testsuite.TopMenuTest" />
      
</testsuite>
