<?xml version="1.0" encoding="UTF-8"?>
<testsuite name="Cart Test"
           tests="2"
           failures="0"
           errors="0"
           skipped="0"
           time="8.364">
  <properties />
  
  
            <testcase name="verifyProductArrangeInDescendingOrder" time="4.325" classname="com.nopcommerce.demo.testsuite.DesktopsTest" />
                <testcase name="verifyProductArrangeInAlphaBaticalOrder" time="4.039" classname="com.nopcommerce.demo.testsuite.DesktopsTest" />
      
</testsuite>
